
------------------------------------------------------------------------------
ERROR LOG of "D:\KALK\KALK.EXE" Date: 23.05.2021 16:40:29

Xbase++ version     : Xbase++ (R) Version 1.90.320
Operating system    : Windows  06.02 Build 09200
------------------------------------------------------------------------------
oError:args         :
          -> VALTYPE: L VALUE: .T.
          -> VALTYPE: U VALUE: NIL
          -> VALTYPE: C VALUE: D:\FAKT2\BAZA                                     \artykuly
          -> VALTYPE: C VALUE: Artyk
          -> VALTYPE: U VALUE: NIL
          -> VALTYPE: L VALUE: .F.
oError:canDefault   : Y
oError:canRetry     : Y
oError:canSubstitute: N
oError:cargo        : NIL
oError:description  : File can not be opened
oError:filename     : 
oError:genCode      :         71
oError:operation    : DbUseArea
oError:osCode       :          0
oError:severity     :          2
oError:subCode      :       8999
oError:subSystem    : BASE
oError:thread       :          1
oError:tries        :          1
------------------------------------------------------------------------------
CALLSTACK:
------------------------------------------------------------------------------
Called from ZESTAWIENIE(40)
Called from MAIN(54)
